Copyright 1986-2022 Xilinx, Inc. All Rights Reserved. Copyright 2022-2024 Advanced Micro Devices, Inc. All Rights Reserved.
--------------------------------------------------------------------------------------------------------------------------------------------------------------------------------------
| Tool Version : Vivado v.2024.1 (win64) Build 5076996 Wed May 22 18:37:14 MDT 2024
| Date         : Wed Feb 18 16:27:33 2026
| Host         : KT running 64-bit major release  (build 9200)
| Command      : report_methodology -file design_1_wrapper_methodology_drc_routed.rpt -pb design_1_wrapper_methodology_drc_routed.pb -rpx design_1_wrapper_methodology_drc_routed.rpx
| Design       : design_1_wrapper
| Device       : xc7z020clg484-1
| Speed File   : -1
| Design State : Fully Routed
--------------------------------------------------------------------------------------------------------------------------------------------------------------------------------------

Report Methodology

Table of Contents
-----------------
1. REPORT SUMMARY
2. REPORT DETAILS

1. REPORT SUMMARY
-----------------
            Netlist: netlist
          Floorplan: design_1
      Design limits: <entire design considered>
             Max violations: <unlimited>
             Violations found: 33
+-----------+----------+-------------------------------+------------+
| Rule      | Severity | Description                   | Violations |
+-----------+----------+-------------------------------+------------+
| DPIR-1    | Warning  | Asynchronous driver check     | 30         |
| LUTAR-1   | Warning  | LUT drives async reset alert  | 2          |
| TIMING-18 | Warning  | Missing input or output delay | 1          |
+-----------+----------+-------------------------------+------------+

2. REPORT DETAILS
-----------------
DPIR-1#1 Warning
Asynchronous driver check  
DSP design_1_i/pwm_ip_0/inst/u_pwm_ip_dut_inst/u_pwm_ip_src_pwm/Gain_mul_temp input pin design_1_i/pwm_ip_0/inst/u_pwm_ip_dut_inst/u_pwm_ip_src_pwm/Gain_mul_temp/A[0] is connected to registers with an asynchronous reset. This is preventing the possibility of merging these registers in to the DSP Block since the DSP block registers only possess synchronous reset capability.  It is suggested to recode or change these registers to remove the reset or use a synchronous reset to get the best optimization for performance, power and area.
Related violations: <none>

DPIR-1#2 Warning
Asynchronous driver check  
DSP design_1_i/pwm_ip_0/inst/u_pwm_ip_dut_inst/u_pwm_ip_src_pwm/Gain_mul_temp input pin design_1_i/pwm_ip_0/inst/u_pwm_ip_dut_inst/u_pwm_ip_src_pwm/Gain_mul_temp/A[10] is connected to registers with an asynchronous reset. This is preventing the possibility of merging these registers in to the DSP Block since the DSP block registers only possess synchronous reset capability.  It is suggested to recode or change these registers to remove the reset or use a synchronous reset to get the best optimization for performance, power and area.
Related violations: <none>

DPIR-1#3 Warning
Asynchronous driver check  
DSP design_1_i/pwm_ip_0/inst/u_pwm_ip_dut_inst/u_pwm_ip_src_pwm/Gain_mul_temp input pin design_1_i/pwm_ip_0/inst/u_pwm_ip_dut_inst/u_pwm_ip_src_pwm/Gain_mul_temp/A[11] is connected to registers with an asynchronous reset. This is preventing the possibility of merging these registers in to the DSP Block since the DSP block registers only possess synchronous reset capability.  It is suggested to recode or change these registers to remove the reset or use a synchronous reset to get the best optimization for performance, power and area.
Related violations: <none>

DPIR-1#4 Warning
Asynchronous driver check  
DSP design_1_i/pwm_ip_0/inst/u_pwm_ip_dut_inst/u_pwm_ip_src_pwm/Gain_mul_temp input pin design_1_i/pwm_ip_0/inst/u_pwm_ip_dut_inst/u_pwm_ip_src_pwm/Gain_mul_temp/A[12] is connected to registers with an asynchronous reset. This is preventing the possibility of merging these registers in to the DSP Block since the DSP block registers only possess synchronous reset capability.  It is suggested to recode or change these registers to remove the reset or use a synchronous reset to get the best optimization for performance, power and area.
Related violations: <none>

DPIR-1#5 Warning
Asynchronous driver check  
DSP design_1_i/pwm_ip_0/inst/u_pwm_ip_dut_inst/u_pwm_ip_src_pwm/Gain_mul_temp input pin design_1_i/pwm_ip_0/inst/u_pwm_ip_dut_inst/u_pwm_ip_src_pwm/Gain_mul_temp/A[13] is connected to registers with an asynchronous reset. This is preventing the possibility of merging these registers in to the DSP Block since the DSP block registers only possess synchronous reset capability.  It is suggested to recode or change these registers to remove the reset or use a synchronous reset to get the best optimization for performance, power and area.
Related violations: <none>

DPIR-1#6 Warning
Asynchronous driver check  
DSP design_1_i/pwm_ip_0/inst/u_pwm_ip_dut_inst/u_pwm_ip_src_pwm/Gain_mul_temp input pin design_1_i/pwm_ip_0/inst/u_pwm_ip_dut_inst/u_pwm_ip_src_pwm/Gain_mul_temp/A[14] is connected to registers with an asynchronous reset. This is preventing the possibility of merging these registers in to the DSP Block since the DSP block registers only possess synchronous reset capability.  It is suggested to recode or change these registers to remove the reset or use a synchronous reset to get the best optimization for performance, power and area.
Related violations: <none>

DPIR-1#7 Warning
Asynchronous driver check  
DSP design_1_i/pwm_ip_0/inst/u_pwm_ip_dut_inst/u_pwm_ip_src_pwm/Gain_mul_temp input pin design_1_i/pwm_ip_0/inst/u_pwm_ip_dut_inst/u_pwm_ip_src_pwm/Gain_mul_temp/A[15] is connected to registers with an asynchronous reset. This is preventing the possibility of merging these registers in to the DSP Block since the DSP block registers only possess synchronous reset capability.  It is suggested to recode or change these registers to remove the reset or use a synchronous reset to get the best optimization for performance, power and area.
Related violations: <none>

DPIR-1#8 Warning
Asynchronous driver check  
DSP design_1_i/pwm_ip_0/inst/u_pwm_ip_dut_inst/u_pwm_ip_src_pwm/Gain_mul_temp input pin design_1_i/pwm_ip_0/inst/u_pwm_ip_dut_inst/u_pwm_ip_src_pwm/Gain_mul_temp/A[16] is connected to registers with an asynchronous reset. This is preventing the possibility of merging these registers in to the DSP Block since the DSP block registers only possess synchronous reset capability.  It is suggested to recode or change these registers to remove the reset or use a synchronous reset to get the best optimization for performance, power and area.
Related violations: <none>

DPIR-1#9 Warning
Asynchronous driver check  
DSP design_1_i/pwm_ip_0/inst/u_pwm_ip_dut_inst/u_pwm_ip_src_pwm/Gain_mul_temp input pin design_1_i/pwm_ip_0/inst/u_pwm_ip_dut_inst/u_pwm_ip_src_pwm/Gain_mul_temp/A[17] is connected to registers with an asynchronous reset. This is preventing the possibility of merging these registers in to the DSP Block since the DSP block registers only possess synchronous reset capability.  It is suggested to recode or change these registers to remove the reset or use a synchronous reset to get the best optimization for performance, power and area.
Related violations: <none>

DPIR-1#10 Warning
Asynchronous driver check  
DSP design_1_i/pwm_ip_0/inst/u_pwm_ip_dut_inst/u_pwm_ip_src_pwm/Gain_mul_temp input pin design_1_i/pwm_ip_0/inst/u_pwm_ip_dut_inst/u_pwm_ip_src_pwm/Gain_mul_temp/A[18] is connected to registers with an asynchronous reset. This is preventing the possibility of merging these registers in to the DSP Block since the DSP block registers only possess synchronous reset capability.  It is suggested to recode or change these registers to remove the reset or use a synchronous reset to get the best optimization for performance, power and area.
Related violations: <none>

DPIR-1#11 Warning
Asynchronous driver check  
DSP design_1_i/pwm_ip_0/inst/u_pwm_ip_dut_inst/u_pwm_ip_src_pwm/Gain_mul_temp input pin design_1_i/pwm_ip_0/inst/u_pwm_ip_dut_inst/u_pwm_ip_src_pwm/Gain_mul_temp/A[19] is connected to registers with an asynchronous reset. This is preventing the possibility of merging these registers in to the DSP Block since the DSP block registers only possess synchronous reset capability.  It is suggested to recode or change these registers to remove the reset or use a synchronous reset to get the best optimization for performance, power and area.
Related violations: <none>

DPIR-1#12 Warning
Asynchronous driver check  
DSP design_1_i/pwm_ip_0/inst/u_pwm_ip_dut_inst/u_pwm_ip_src_pwm/Gain_mul_temp input pin design_1_i/pwm_ip_0/inst/u_pwm_ip_dut_inst/u_pwm_ip_src_pwm/Gain_mul_temp/A[1] is connected to registers with an asynchronous reset. This is preventing the possibility of merging these registers in to the DSP Block since the DSP block registers only possess synchronous reset capability.  It is suggested to recode or change these registers to remove the reset or use a synchronous reset to get the best optimization for performance, power and area.
Related violations: <none>

DPIR-1#13 Warning
Asynchronous driver check  
DSP design_1_i/pwm_ip_0/inst/u_pwm_ip_dut_inst/u_pwm_ip_src_pwm/Gain_mul_temp input pin design_1_i/pwm_ip_0/inst/u_pwm_ip_dut_inst/u_pwm_ip_src_pwm/Gain_mul_temp/A[20] is connected to registers with an asynchronous reset. This is preventing the possibility of merging these registers in to the DSP Block since the DSP block registers only possess synchronous reset capability.  It is suggested to recode or change these registers to remove the reset or use a synchronous reset to get the best optimization for performance, power and area.
Related violations: <none>

DPIR-1#14 Warning
Asynchronous driver check  
DSP design_1_i/pwm_ip_0/inst/u_pwm_ip_dut_inst/u_pwm_ip_src_pwm/Gain_mul_temp input pin design_1_i/pwm_ip_0/inst/u_pwm_ip_dut_inst/u_pwm_ip_src_pwm/Gain_mul_temp/A[21] is connected to registers with an asynchronous reset. This is preventing the possibility of merging these registers in to the DSP Block since the DSP block registers only possess synchronous reset capability.  It is suggested to recode or change these registers to remove the reset or use a synchronous reset to get the best optimization for performance, power and area.
Related violations: <none>

DPIR-1#15 Warning
Asynchronous driver check  
DSP design_1_i/pwm_ip_0/inst/u_pwm_ip_dut_inst/u_pwm_ip_src_pwm/Gain_mul_temp input pin design_1_i/pwm_ip_0/inst/u_pwm_ip_dut_inst/u_pwm_ip_src_pwm/Gain_mul_temp/A[22] is connected to registers with an asynchronous reset. This is preventing the possibility of merging these registers in to the DSP Block since the DSP block registers only possess synchronous reset capability.  It is suggested to recode or change these registers to remove the reset or use a synchronous reset to get the best optimization for performance, power and area.
Related violations: <none>

DPIR-1#16 Warning
Asynchronous driver check  
DSP design_1_i/pwm_ip_0/inst/u_pwm_ip_dut_inst/u_pwm_ip_src_pwm/Gain_mul_temp input pin design_1_i/pwm_ip_0/inst/u_pwm_ip_dut_inst/u_pwm_ip_src_pwm/Gain_mul_temp/A[23] is connected to registers with an asynchronous reset. This is preventing the possibility of merging these registers in to the DSP Block since the DSP block registers only possess synchronous reset capability.  It is suggested to recode or change these registers to remove the reset or use a synchronous reset to get the best optimization for performance, power and area.
Related violations: <none>

DPIR-1#17 Warning
Asynchronous driver check  
DSP design_1_i/pwm_ip_0/inst/u_pwm_ip_dut_inst/u_pwm_ip_src_pwm/Gain_mul_temp input pin design_1_i/pwm_ip_0/inst/u_pwm_ip_dut_inst/u_pwm_ip_src_pwm/Gain_mul_temp/A[24] is connected to registers with an asynchronous reset. This is preventing the possibility of merging these registers in to the DSP Block since the DSP block registers only possess synchronous reset capability.  It is suggested to recode or change these registers to remove the reset or use a synchronous reset to get the best optimization for performance, power and area.
Related violations: <none>

DPIR-1#18 Warning
Asynchronous driver check  
DSP design_1_i/pwm_ip_0/inst/u_pwm_ip_dut_inst/u_pwm_ip_src_pwm/Gain_mul_temp input pin design_1_i/pwm_ip_0/inst/u_pwm_ip_dut_inst/u_pwm_ip_src_pwm/Gain_mul_temp/A[25] is connected to registers with an asynchronous reset. This is preventing the possibility of merging these registers in to the DSP Block since the DSP block registers only possess synchronous reset capability.  It is suggested to recode or change these registers to remove the reset or use a synchronous reset to get the best optimization for performance, power and area.
Related violations: <none>

DPIR-1#19 Warning
Asynchronous driver check  
DSP design_1_i/pwm_ip_0/inst/u_pwm_ip_dut_inst/u_pwm_ip_src_pwm/Gain_mul_temp input pin design_1_i/pwm_ip_0/inst/u_pwm_ip_dut_inst/u_pwm_ip_src_pwm/Gain_mul_temp/A[26] is connected to registers with an asynchronous reset. This is preventing the possibility of merging these registers in to the DSP Block since the DSP block registers only possess synchronous reset capability.  It is suggested to recode or change these registers to remove the reset or use a synchronous reset to get the best optimization for performance, power and area.
Related violations: <none>

DPIR-1#20 Warning
Asynchronous driver check  
DSP design_1_i/pwm_ip_0/inst/u_pwm_ip_dut_inst/u_pwm_ip_src_pwm/Gain_mul_temp input pin design_1_i/pwm_ip_0/inst/u_pwm_ip_dut_inst/u_pwm_ip_src_pwm/Gain_mul_temp/A[27] is connected to registers with an asynchronous reset. This is preventing the possibility of merging these registers in to the DSP Block since the DSP block registers only possess synchronous reset capability.  It is suggested to recode or change these registers to remove the reset or use a synchronous reset to get the best optimization for performance, power and area.
Related violations: <none>

DPIR-1#21 Warning
Asynchronous driver check  
DSP design_1_i/pwm_ip_0/inst/u_pwm_ip_dut_inst/u_pwm_ip_src_pwm/Gain_mul_temp input pin design_1_i/pwm_ip_0/inst/u_pwm_ip_dut_inst/u_pwm_ip_src_pwm/Gain_mul_temp/A[28] is connected to registers with an asynchronous reset. This is preventing the possibility of merging these registers in to the DSP Block since the DSP block registers only possess synchronous reset capability.  It is suggested to recode or change these registers to remove the reset or use a synchronous reset to get the best optimization for performance, power and area.
Related violations: <none>

DPIR-1#22 Warning
Asynchronous driver check  
DSP design_1_i/pwm_ip_0/inst/u_pwm_ip_dut_inst/u_pwm_ip_src_pwm/Gain_mul_temp input pin design_1_i/pwm_ip_0/inst/u_pwm_ip_dut_inst/u_pwm_ip_src_pwm/Gain_mul_temp/A[29] is connected to registers with an asynchronous reset. This is preventing the possibility of merging these registers in to the DSP Block since the DSP block registers only possess synchronous reset capability.  It is suggested to recode or change these registers to remove the reset or use a synchronous reset to get the best optimization for performance, power and area.
Related violations: <none>

DPIR-1#23 Warning
Asynchronous driver check  
DSP design_1_i/pwm_ip_0/inst/u_pwm_ip_dut_inst/u_pwm_ip_src_pwm/Gain_mul_temp input pin design_1_i/pwm_ip_0/inst/u_pwm_ip_dut_inst/u_pwm_ip_src_pwm/Gain_mul_temp/A[2] is connected to registers with an asynchronous reset. This is preventing the possibility of merging these registers in to the DSP Block since the DSP block registers only possess synchronous reset capability.  It is suggested to recode or change these registers to remove the reset or use a synchronous reset to get the best optimization for performance, power and area.
Related violations: <none>

DPIR-1#24 Warning
Asynchronous driver check  
DSP design_1_i/pwm_ip_0/inst/u_pwm_ip_dut_inst/u_pwm_ip_src_pwm/Gain_mul_temp input pin design_1_i/pwm_ip_0/inst/u_pwm_ip_dut_inst/u_pwm_ip_src_pwm/Gain_mul_temp/A[3] is connected to registers with an asynchronous reset. This is preventing the possibility of merging these registers in to the DSP Block since the DSP block registers only possess synchronous reset capability.  It is suggested to recode or change these registers to remove the reset or use a synchronous reset to get the best optimization for performance, power and area.
Related violations: <none>

DPIR-1#25 Warning
Asynchronous driver check  
DSP design_1_i/pwm_ip_0/inst/u_pwm_ip_dut_inst/u_pwm_ip_src_pwm/Gain_mul_temp input pin design_1_i/pwm_ip_0/inst/u_pwm_ip_dut_inst/u_pwm_ip_src_pwm/Gain_mul_temp/A[4] is connected to registers with an asynchronous reset. This is preventing the possibility of merging these registers in to the DSP Block since the DSP block registers only possess synchronous reset capability.  It is suggested to recode or change these registers to remove the reset or use a synchronous reset to get the best optimization for performance, power and area.
Related violations: <none>

DPIR-1#26 Warning
Asynchronous driver check  
DSP design_1_i/pwm_ip_0/inst/u_pwm_ip_dut_inst/u_pwm_ip_src_pwm/Gain_mul_temp input pin design_1_i/pwm_ip_0/inst/u_pwm_ip_dut_inst/u_pwm_ip_src_pwm/Gain_mul_temp/A[5] is connected to registers with an asynchronous reset. This is preventing the possibility of merging these registers in to the DSP Block since the DSP block registers only possess synchronous reset capability.  It is suggested to recode or change these registers to remove the reset or use a synchronous reset to get the best optimization for performance, power and area.
Related violations: <none>

DPIR-1#27 Warning
Asynchronous driver check  
DSP design_1_i/pwm_ip_0/inst/u_pwm_ip_dut_inst/u_pwm_ip_src_pwm/Gain_mul_temp input pin design_1_i/pwm_ip_0/inst/u_pwm_ip_dut_inst/u_pwm_ip_src_pwm/Gain_mul_temp/A[6] is connected to registers with an asynchronous reset. This is preventing the possibility of merging these registers in to the DSP Block since the DSP block registers only possess synchronous reset capability.  It is suggested to recode or change these registers to remove the reset or use a synchronous reset to get the best optimization for performance, power and area.
Related violations: <none>

DPIR-1#28 Warning
Asynchronous driver check  
DSP design_1_i/pwm_ip_0/inst/u_pwm_ip_dut_inst/u_pwm_ip_src_pwm/Gain_mul_temp input pin design_1_i/pwm_ip_0/inst/u_pwm_ip_dut_inst/u_pwm_ip_src_pwm/Gain_mul_temp/A[7] is connected to registers with an asynchronous reset. This is preventing the possibility of merging these registers in to the DSP Block since the DSP block registers only possess synchronous reset capability.  It is suggested to recode or change these registers to remove the reset or use a synchronous reset to get the best optimization for performance, power and area.
Related violations: <none>

DPIR-1#29 Warning
Asynchronous driver check  
DSP design_1_i/pwm_ip_0/inst/u_pwm_ip_dut_inst/u_pwm_ip_src_pwm/Gain_mul_temp input pin design_1_i/pwm_ip_0/inst/u_pwm_ip_dut_inst/u_pwm_ip_src_pwm/Gain_mul_temp/A[8] is connected to registers with an asynchronous reset. This is preventing the possibility of merging these registers in to the DSP Block since the DSP block registers only possess synchronous reset capability.  It is suggested to recode or change these registers to remove the reset or use a synchronous reset to get the best optimization for performance, power and area.
Related violations: <none>

DPIR-1#30 Warning
Asynchronous driver check  
DSP design_1_i/pwm_ip_0/inst/u_pwm_ip_dut_inst/u_pwm_ip_src_pwm/Gain_mul_temp input pin design_1_i/pwm_ip_0/inst/u_pwm_ip_dut_inst/u_pwm_ip_src_pwm/Gain_mul_temp/A[9] is connected to registers with an asynchronous reset. This is preventing the possibility of merging these registers in to the DSP Block since the DSP block registers only possess synchronous reset capability.  It is suggested to recode or change these registers to remove the reset or use a synchronous reset to get the best optimization for performance, power and area.
Related violations: <none>

LUTAR-1#1 Warning
LUT drives async reset alert  
LUT cell design_1_i/controller_ip_0/inst/u_controller_ip_axi_lite_inst/u_controller_ip_axi_lite_module_inst/reset_pipe_i_1, with 2 or more inputs, drives asynchronous preset/clear pin(s) design_1_i/controller_ip_0/inst/u_controller_ip_reset_sync_inst/reset_out_1_reg/PRE
design_1_i/controller_ip_0/inst/u_controller_ip_reset_sync_inst/reset_pipe_reg/PRE. The LUT may glitch and trigger an unexpected reset, even if it is a properly timed path.
Related violations: <none>

LUTAR-1#2 Warning
LUT drives async reset alert  
LUT cell design_1_i/pwm_ip_0/inst/u_pwm_ip_axi_lite_inst/u_pwm_ip_axi_lite_module_inst/reset_pipe_i_1, with 2 or more inputs, drives asynchronous preset/clear pin(s) design_1_i/pwm_ip_0/inst/u_pwm_ip_reset_sync_inst/reset_out_1_reg/PRE
design_1_i/pwm_ip_0/inst/u_pwm_ip_reset_sync_inst/reset_pipe_reg/PRE. The LUT may glitch and trigger an unexpected reset, even if it is a properly timed path.
Related violations: <none>

TIMING-18#1 Warning
Missing input or output delay  
An output delay is missing on pwm_out_0 relative to the rising and/or falling clock edge(s) of clk_fpga_0.
Related violations: <none>


